<?xml version="1.0" encoding="UTF-8"?>
<!-- Generated by org.testng.reporters.JUnitReportReporter -->
<testsuite skipped="0" hostname="DESKTOP-HGE39OB" name="seleniumPractice.CaptureScreenShot" tests="1" failures="0" timestamp="2020-03-17T07:37:38 IST" time="18.602" errors="0">
  <testcase name="checkLinks" time="18.602" classname="seleniumPractice.CaptureScreenShot"/>
  <system-out/>
</testsuite> <!-- seleniumPractice.CaptureScreenShot -->
