<?xml version="1.0" encoding="UTF-8"?>
<!-- Generated by org.testng.reporters.JUnitReportReporter -->
<testsuite skipped="0" hostname="DESKTOP-HGE39OB" name="seleniumPractice.RadioButtonDemo" tests="1" failures="0" timestamp="2020-03-13T08:08:09 IST" time="12.879" errors="0">
  <testcase name="radioDemo" time="12.879" classname="seleniumPractice.RadioButtonDemo"/>
  <system-out/>
</testsuite> <!-- seleniumPractice.RadioButtonDemo -->
