<?xml version="1.0" encoding="UTF-8"?>
<!-- Generated by org.testng.reporters.JUnitReportReporter -->
<testsuite skipped="0" hostname="DESKTOP-HGE39OB" name="seleniumPractice.JavaScriptExecutorDemo" tests="1" failures="0" timestamp="2020-03-14T08:24:12 IST" time="12.434" errors="0">
  <testcase name="checkLinks" time="12.434" classname="seleniumPractice.JavaScriptExecutorDemo"/>
  <system-out/>
</testsuite> <!-- seleniumPractice.JavaScriptExecutorDemo -->
