<?xml version="1.0" encoding="UTF-8"?>
<!-- Generated by org.testng.reporters.JUnitReportReporter -->
<testsuite skipped="0" hostname="DESKTOP-HGE39OB" name="seleniumPractice.AlertsHnadling" tests="1" failures="0" timestamp="2020-03-14T07:17:19 IST" time="17.723" errors="0">
  <testcase name="checkLinks" time="17.723" classname="seleniumPractice.AlertsHnadling"/>
  <system-out/>
</testsuite> <!-- seleniumPractice.AlertsHnadling -->
