<?xml version="1.0" encoding="UTF-8"?>
<!-- Generated by org.testng.reporters.JUnitReportReporter -->
<testsuite skipped="0" hostname="DESKTOP-HGE39OB" name="seleniumPractice.fileUploadeDemo2" tests="1" failures="0" timestamp="2020-03-17T08:42:26 IST" time="16.321" errors="0">
  <testcase name="checkLinks" time="16.321" classname="seleniumPractice.fileUploadeDemo2"/>
  <system-out/>
</testsuite> <!-- seleniumPractice.fileUploadeDemo2 -->
