<?xml version="1.0" encoding="UTF-8"?>
<!-- Generated by org.testng.reporters.JUnitReportReporter -->
<testsuite skipped="0" hostname="DESKTOP-HGE39OB" name="seleniumPractice.ActionsClassDemo" tests="1" failures="0" timestamp="2020-03-17T08:12:11 IST" time="13.711" errors="0">
  <testcase name="checkLinks" time="13.711" classname="seleniumPractice.ActionsClassDemo"/>
  <system-out/>
</testsuite> <!-- seleniumPractice.ActionsClassDemo -->
