<?xml version="1.0" encoding="UTF-8"?>
<!-- Generated by org.testng.reporters.JUnitReportReporter -->
<testsuite skipped="0" hostname="DESKTOP-HGE39OB" name="seleniumPractice.framesDemo" tests="1" failures="0" timestamp="2020-03-14T07:49:47 IST" time="14.129" errors="0">
  <testcase name="checkLinks" time="14.129" classname="seleniumPractice.framesDemo"/>
  <system-out/>
</testsuite> <!-- seleniumPractice.framesDemo -->
