<?xml version="1.0" encoding="UTF-8"?>
<!-- Generated by org.testng.reporters.JUnitReportReporter -->
<testsuite skipped="0" hostname="DESKTOP-HGE39OB" name="seleniumPractice.WebTableHandling" tests="1" failures="0" timestamp="2020-03-17T06:57:25 IST" time="27.435" errors="0">
  <testcase name="readTableData" time="27.435" classname="seleniumPractice.WebTableHandling"/>
  <system-out/>
</testsuite> <!-- seleniumPractice.WebTableHandling -->
