<?xml version="1.0" encoding="UTF-8"?>
<!-- Generated by org.testng.reporters.JUnitReportReporter -->
<testsuite skipped="3" hostname="DESKTOP-HGE39OB" name="seleniumPractice.DropDownDemo1" tests="4" failures="0" timestamp="2020-03-13T08:47:51 IST" time="13.365" errors="0">
  <testcase name="smartBearDDdemo" time="13.365" classname="seleniumPractice.DropDownDemo1"/>
  <system-out/>
  <testcase name="multiselectDDExmaple" classname="seleniumPractice.DropDownDemo1">
    <skipped/>
  </testcase> <!-- multiselectDDExmaple -->
  <system-out/>
  <testcase name="jQueryDDHandling" classname="seleniumPractice.DropDownDemo1">
    <skipped/>
  </testcase> <!-- jQueryDDHandling -->
  <system-out/>
  <testcase name="selectNormalDropdown" classname="seleniumPractice.DropDownDemo1">
    <skipped/>
  </testcase> <!-- selectNormalDropdown -->
  <system-out/>
</testsuite> <!-- seleniumPractice.DropDownDemo1 -->
