<?xml version="1.0" encoding="UTF-8"?>
<!-- Generated by org.testng.reporters.JUnitReportReporter -->
<testsuite skipped="0" hostname="DESKTOP-HGE39OB" name="seleniumPractice.CheckBoxDemo" tests="1" failures="0" timestamp="2020-03-13T08:28:09 IST" time="12.914" errors="0">
  <testcase name="CheckDemo" time="12.914" classname="seleniumPractice.CheckBoxDemo"/>
  <system-out/>
</testsuite> <!-- seleniumPractice.CheckBoxDemo -->
