<?xml version="1.0" encoding="UTF-8"?>
<!-- Generated by org.testng.reporters.JUnitReportReporter -->
<testsuite skipped="0" hostname="DESKTOP-HGE39OB" name="seleniumPractice.fileUploadeDemo" tests="1" failures="0" timestamp="2020-03-17T08:24:29 IST" time="13.280" errors="0">
  <testcase name="checkLinks" time="13.280" classname="seleniumPractice.fileUploadeDemo"/>
  <system-out/>
</testsuite> <!-- seleniumPractice.fileUploadeDemo -->
